2018-02-24 10:32:08,139 DEBUG [com.eyeieye.melos.profiler.TimeProfiler] - TimeProfiler output:
Entire running time(millis)=[835] in http://localhost:8080/neweast/ 
Task:UserFuncsCacheService:getFunctionOffsetId running time(millis)[163->163]=0 0%
Task:render screen:screen/index.vm running time(millis)[231->233]=2 0%
Task:merge template:layout/index.vm running time(millis)[239->835]=596 71%
--Task:execute contain :/contain/header.htm running time(millis)[245->267]=22 2%
----Task:UserFuncsCacheService:getFunctionOffsetId running time(millis)[257->257]=0 0%
----Task:render contain:screen/contain/header.vm running time(millis)[262->266]=4 0%
--Task:execute contain :/contain/menu.htm running time(millis)[267->823]=556 66%
----Task:UserFuncsCacheService:getFunctionOffsetId running time(millis)[268->268]=0 0%
----Trace:prepareStatement: SELECT    sf.ID,   sf.PARENT_ID,   sf.NAME,   sf.URL,   sf.DESCRIPTION,   sf.ORDERING,   sf.IS_MENU,   sf.IS_DELETED,   sf.OPERATOR,   sf.GMT_CREATE,   sf.GMT_MODIFY      FROM SYSTEM_FUNCTION sf where IS_DELETED <> 1 order by   ORDERING
----Task:render contain:screen/contain/menu.vm running time(millis)[809->823]=14 1%
------Task:UserFuncsCacheService:getOffset running time(millis)[817->817]=0 0%
------Task:UserFuncsCacheService:getOffset running time(millis)[817->817]=0 0%
------Task:UserFuncsCacheService:getOffset running time(millis)[817->817]=0 0%
------Task:UserFuncsCacheService:getOffset running time(millis)[817->817]=0 0%
------Task:UserFuncsCacheService:getOffset running time(millis)[817->817]=0 0%
------Task:UserFuncsCacheService:getOffset running time(millis)[818->818]=0 0%
------Task:UserFuncsCacheService:getOffset running time(millis)[818->818]=0 0%
------Task:UserFuncsCacheService:getOffset running time(millis)[818->818]=0 0%
------Task:UserFuncsCacheService:getOffset running time(millis)[818->818]=0 0%
------Task:UserFuncsCacheService:getOffset running time(millis)[818->818]=0 0%
------Task:UserFuncsCacheService:getOffset running time(millis)[818->818]=0 0%
------Task:UserFuncsCacheService:getOffset running time(millis)[818->818]=0 0%
------Task:UserFuncsCacheService:getOffset running time(millis)[818->818]=0 0%
------Task:UserFuncsCacheService:getOffset running time(millis)[819->819]=0 0%
------Task:UserFuncsCacheService:getOffset running time(millis)[819->819]=0 0%
------Task:UserFuncsCacheService:getOffset running time(millis)[819->819]=0 0%
------Task:UserFuncsCacheService:getOffset running time(millis)[820->820]=0 0%
------Task:UserFuncsCacheService:getOffset running time(millis)[820->820]=0 0%
------Task:UserFuncsCacheService:getOffset running time(millis)[820->820]=0 0%
------Task:UserFuncsCacheService:getOffset running time(millis)[820->820]=0 0%
------Task:UserFuncsCacheService:getOffset running time(millis)[820->820]=0 0%
------Task:UserFuncsCacheService:getOffset running time(millis)[820->820]=0 0%
------Task:UserFuncsCacheService:getOffset running time(millis)[820->820]=0 0%
------Task:UserFuncsCacheService:getOffset running time(millis)[821->821]=0 0%
------Task:UserFuncsCacheService:getOffset running time(millis)[821->821]=0 0%
------Task:UserFuncsCacheService:getOffset running time(millis)[821->821]=0 0%
------Task:UserFuncsCacheService:getOffset running time(millis)[821->821]=0 0%
------Task:UserFuncsCacheService:getOffset running time(millis)[821->821]=0 0%
------Task:UserFuncsCacheService:getOffset running time(millis)[821->821]=0 0%
------Task:UserFuncsCacheService:getOffset running time(millis)[821->821]=0 0%
------Task:UserFuncsCacheService:getOffset running time(millis)[821->821]=0 0%
------Task:UserFuncsCacheService:getOffset running time(millis)[822->822]=0 0%
------Task:UserFuncsCacheService:getOffset running time(millis)[822->822]=0 0%
------Task:UserFuncsCacheService:getOffset running time(millis)[822->822]=0 0%
------Task:UserFuncsCacheService:getOffset running time(millis)[822->822]=0 0%
------Task:UserFuncsCacheService:getOffset running time(millis)[822->822]=0 0%
------Task:UserFuncsCacheService:getOffset running time(millis)[822->822]=0 0%
------Task:UserFuncsCacheService:getOffset running time(millis)[822->822]=0 0%
------Task:UserFuncsCacheService:getOffset running time(millis)[823->823]=0 0%
------Task:UserFuncsCacheService:getOffset running time(millis)[823->823]=0 0%
------Task:UserFuncsCacheService:getOffset running time(millis)[823->823]=0 0%
------Task:UserFuncsCacheService:getOffset running time(millis)[823->823]=0 0%
--Task:execute contain :/contain/footer.htm running time(millis)[823->835]=12 1%
----Task:UserFuncsCacheService:getFunctionOffsetId running time(millis)[831->831]=0 0%
----Task:render contain:screen/contain/footer.vm running time(millis)[835->835]=0 0%
Task:write output to servlet outputstream with size:13KB. running time(millis)[835->835]=0 0%
2018-02-24 10:32:08,486 DEBUG [com.eyeieye.melos.profiler.TimeProfiler] - TimeProfiler output:
Entire running time(millis)=[196] in http://localhost:8080/neweast/main.htm 
Task:UserFuncsCacheService:getFunctionOffsetId running time(millis)[1->1]=0 0%
Trace:prepareStatement: select      su.ID,   su.LOGIN_NAME,   su.REAL_NAME,   su.PASSWORD,   su.EMAIL,   su.TEL,   su.MOBILE,   su.GMT_CREATE,   su.GMT_MODIFY,   su.OPERATOR,   su.GMT_LAST_LOGIN,   su.LAST_LOGIN_IP,   su.GMT_CURRENT_LOGIN,   su.CURRENT_LOGIN_IP,   su.LOGIN_COUNT     from   SYSTEM_USER su   where   su.ID = ?
Task:render screen:screen/main.vm running time(millis)[182->184]=2 1%
Task:merge template:layout/default.vm running time(millis)[195->196]=1 0%
Task:write output to servlet outputstream with size:1KB. running time(millis)[196->196]=0 0%
